\BOOKMARK [1][-]{sec:Abstract.1}{Abstract}{}% 1
\BOOKMARK [0][-]{Inhaltsverzeichnis.0}{Inhaltsverzeichnis}{}% 2
\BOOKMARK [0][-]{chapter.1}{Einleitung}{}% 3
\BOOKMARK [1][-]{section.1.1}{Problemstellung}{chapter.1}% 4
\BOOKMARK [1][-]{section.1.2}{Motivation}{chapter.1}% 5
\BOOKMARK [1][-]{section.1.3}{Zielsetzung}{chapter.1}% 6
\BOOKMARK [0][-]{chapter.2}{Grundlagen und Hintergr\374nde}{}% 7
\BOOKMARK [1][-]{section.2.1}{Android Architektur}{chapter.2}% 8
\BOOKMARK [2][-]{subsection.2.1.1}{Architektur des Android Betriebssystems}{section.2.1}% 9
\BOOKMARK [2][-]{subsection.2.1.2}{Architektur von Android Anwendungen}{section.2.1}% 10
\BOOKMARK [1][-]{section.2.2}{Near Field Communication \(NFC\)}{chapter.2}% 11
\BOOKMARK [2][-]{subsection.2.2.1}{Die Funktionsweise von NFC}{section.2.2}% 12
\BOOKMARK [2][-]{subsection.2.2.2}{Zahlungen mittels NFC}{section.2.2}% 13
\BOOKMARK [1][-]{section.2.3}{NFC Sicherheitsrisiken und Gegenma\337nahmen}{chapter.2}% 14
\BOOKMARK [1][-]{section.2.4}{Die Relay Attacke}{chapter.2}% 15
\BOOKMARK [2][-]{subsection.2.4.1}{Man-in-the-Middle Angriffe}{section.2.4}% 16
\BOOKMARK [2][-]{subsection.2.4.2}{Prinzip der Relay Attacke}{section.2.4}% 17
\BOOKMARK [2][-]{subsection.2.4.3}{Gegenma\337nahmen}{section.2.4}% 18
\BOOKMARK [1][-]{section.2.5}{Aktueller Stand der Technik}{chapter.2}% 19
\BOOKMARK [2][-]{subsection.2.5.1}{Unterkapitel}{section.2.5}% 20
\BOOKMARK [2][-]{subsection.2.5.2}{Abbildungen}{section.2.5}% 21
\BOOKMARK [2][-]{subsection.2.5.3}{Tabellen}{section.2.5}% 22
\BOOKMARK [0][-]{chapter.3}{Implementierung der Relay Attacke}{}% 23
\BOOKMARK [1][-]{section.3.1}{Aufbau der Implementierung}{chapter.3}% 24
\BOOKMARK [1][-]{section.3.2}{Die Hostcard Emulation Anwendung}{chapter.3}% 25
\BOOKMARK [1][-]{section.3.3}{Die Kommunikation zwischen Angreifer und Opfer}{chapter.3}% 26
\BOOKMARK [1][-]{section.3.4}{Interception der Android NFC Schnittstelle}{chapter.3}% 27
\BOOKMARK [2][-]{subsection.3.4.1}{Die Android NFC Host Card Emulation Architektur}{section.3.4}% 28
\BOOKMARK [2][-]{subsection.3.4.2}{Implementierung der Interception}{section.3.4}% 29
\BOOKMARK [0][-]{chapter.4}{Hinweise zur Literatur}{}% 30
\BOOKMARK [1][-]{section.4.1}{Literatursuche}{chapter.4}% 31
\BOOKMARK [1][-]{section.4.2}{BibLatex}{chapter.4}% 32
\BOOKMARK [0][-]{chapter.5}{Algorithmen und Quellcode}{}% 33
\BOOKMARK [1][-]{section.5.1}{Beispiele f\374r Quellcode}{chapter.5}% 34
\BOOKMARK [1][-]{section.5.2}{Beispiele f\374r Algorithmen}{chapter.5}% 35
\BOOKMARK [0][-]{chapter.6}{Analyse der Attacke}{}% 36
\BOOKMARK [1][-]{section.6.1}{Resultate}{chapter.6}% 37
\BOOKMARK [1][-]{section.6.2}{Anwendbarkeit}{chapter.6}% 38
\BOOKMARK [1][-]{section.6.3}{Folgen und Risiken}{chapter.6}% 39
\BOOKMARK [0][-]{chapter.7}{Zusammenfassung und Ausblick}{}% 40
\BOOKMARK [0][-]{section*.33}{Literatur}{}% 41
\BOOKMARK [1][-]{section*.35}{Wissenschaftliche Literatur}{section*.33}% 42
\BOOKMARK [1][-]{section*.37}{Online-Referenzen}{section*.33}% 43
\BOOKMARK [0][-]{appendix.A}{Anhang}{}% 44
